This is pdfTeX, Version 3.141592653-2.6-1.40.23 (TeX Live 2021/W32TeX) (preloaded format=pdflatex 2022.2.28)  17 MAR 2022 10:01
entering extended mode
 restricted \write18 enabled.
 %&-line parsing enabled.
**Dossier.tex
(./Dossier.tex
LaTeX2e <2021-11-15> patch level 1
L3 programming layer <2022-02-24> (c:/Users/daabv/AppData/Roaming/TinyTeX/texmf
-dist/tex/latex/base/article.cls
Document Class: article 2021/10/04 v1.4n Standard LaTeX document class
(c:/Users/daabv/AppData/Roaming/TinyTeX/texmf-dist/tex/latex/base/size12.clo
File: size12.clo 2021/10/04 v1.4n Standard LaTeX file (size option)
)
\c@part=\count185
\c@section=\count186
\c@subsection=\count187
\c@subsubsection=\count188
\c@paragraph=\count189
\c@subparagraph=\count190
\c@figure=\count191
\c@table=\count192
\abovecaptionskip=\skip47
\belowcaptionskip=\skip48
\bibindent=\dimen138
)
(c:/Users/daabv/AppData/Roaming/TinyTeX/texmf-dist/tex/latex/libertine/libertin
e.sty
Package: libertine 2020/03/26 (Bob Tennent) Supports Libertine and Biolinum fon
ts for all LaTeX engines.

(c:/Users/daabv/AppData/Roaming/TinyTeX/texmf-dist/tex/generic/iftex/ifxetex.st
y
Package: ifxetex 2019/10/25 v0.7 ifxetex legacy package. Use iftex instead.
(c:/Users/daabv/AppData/Roaming/TinyTeX/texmf-dist/tex/generic/iftex/iftex.sty
Package: iftex 2022/02/03 v1.0f TeX engine tests
))
(c:/Users/daabv/AppData/Roaming/TinyTeX/texmf-dist/tex/generic/iftex/ifluatex.s
ty
Package: ifluatex 2019/10/25 v1.5 ifluatex legacy package. Use iftex instead.
)
(c:/Users/daabv/AppData/Roaming/TinyTeX/texmf-dist/tex/latex/xkeyval/xkeyval.st
y
Package: xkeyval 2020/11/20 v2.8 package option processing (HA)

(c:/Users/daabv/AppData/Roaming/TinyTeX/texmf-dist/tex/generic/xkeyval/xkeyval.
tex
(c:/Users/daabv/AppData/Roaming/TinyTeX/texmf-dist/tex/generic/xkeyval/xkvutils
.tex
\XKV@toks=\toks16
\XKV@tempa@toks=\toks17

(c:/Users/daabv/AppData/Roaming/TinyTeX/texmf-dist/tex/generic/xkeyval/keyval.t
ex))
\XKV@depth=\count193
File: xkeyval.tex 2014/12/03 v2.7a key=value parser (HA)
)) (c:/Users/daabv/AppData/Roaming/TinyTeX/texmf-dist/tex/latex/base/textcomp.s
ty
Package: textcomp 2020/02/02 v2.0n Standard LaTeX package
) (c:/Users/daabv/AppData/Roaming/TinyTeX/texmf-dist/tex/latex/base/fontenc.sty
Package: fontenc 2021/04/29 v2.0v Standard LaTeX package
)
(c:/Users/daabv/AppData/Roaming/TinyTeX/texmf-dist/tex/latex/fontaxes/fontaxes.
sty
Package: fontaxes 2020/07/21 v1.0e Font selection axes
LaTeX Info: Redefining \upshape on input line 29.
LaTeX Info: Redefining \itshape on input line 31.
LaTeX Info: Redefining \slshape on input line 33.
LaTeX Info: Redefining \swshape on input line 35.
LaTeX Info: Redefining \scshape on input line 37.
LaTeX Info: Redefining \sscshape on input line 39.
LaTeX Info: Redefining \ulcshape on input line 41.
LaTeX Info: Redefining \textsw on input line 47.
LaTeX Info: Redefining \textssc on input line 48.
LaTeX Info: Redefining \textulc on input line 49.
)
LaTeX Info: Redefining \oldstylenums on input line 484.

(c:/Users/daabv/AppData/Roaming/TinyTeX/texmf-dist/tex/latex/libertine/LinLiber
tine_I.tex))
(c:/Users/daabv/AppData/Roaming/TinyTeX/texmf-dist/tex/latex/newtx/newtxmath.st
y
Package: newtxmath 2022/01/16 v1.71

`newtxmath' v1.71, 2022/01/16 Math macros based originally on txfonts (msharpe)

(c:/Users/daabv/AppData/Roaming/TinyTeX/texmf-dist/tex/latex/amsmath/amsmath.st
y
Package: amsmath 2021/10/15 v2.17l AMS math features
\@mathmargin=\skip49
For additional information on amsmath, use the `?' option.

(c:/Users/daabv/AppData/Roaming/TinyTeX/texmf-dist/tex/latex/amsmath/amstext.st
y
Package: amstext 2021/08/26 v2.01 AMS text

(c:/Users/daabv/AppData/Roaming/TinyTeX/texmf-dist/tex/latex/amsmath/amsgen.sty
File: amsgen.sty 1999/11/30 v2.0 generic functions
\@emptytoks=\toks18
\ex@=\dimen139
))
(c:/Users/daabv/AppData/Roaming/TinyTeX/texmf-dist/tex/latex/amsmath/amsbsy.sty
Package: amsbsy 1999/11/29 v1.2d Bold Symbols
\pmbraise@=\dimen140
)
(c:/Users/daabv/AppData/Roaming/TinyTeX/texmf-dist/tex/latex/amsmath/amsopn.sty
Package: amsopn 2021/08/26 v2.02 operator names
)
\inf@bad=\count194
LaTeX Info: Redefining \frac on input line 234.
\uproot@=\count195
\leftroot@=\count196
LaTeX Info: Redefining \overline on input line 399.
\classnum@=\count197
\DOTSCASE@=\count198
LaTeX Info: Redefining \ldots on input line 496.
LaTeX Info: Redefining \dots on input line 499.
LaTeX Info: Redefining \cdots on input line 620.
\Mathstrutbox@=\box50
\strutbox@=\box51
\big@size=\dimen141
LaTeX Font Info:    Redeclaring font encoding OML on input line 743.
LaTeX Font Info:    Redeclaring font encoding OMS on input line 744.
\macc@depth=\count199
\c@MaxMatrixCols=\count266
\dotsspace@=\muskip16
\c@parentequation=\count267
\dspbrk@lvl=\count268
\tag@help=\toks19
\row@=\count269
\column@=\count270
\maxfields@=\count271
\andhelp@=\toks20
\eqnshift@=\dimen142
\alignsep@=\dimen143
\tagshift@=\dimen144
\tagwidth@=\dimen145
\totwidth@=\dimen146
\lineht@=\dimen147
\@envbody=\toks21
\multlinegap=\skip50
\multlinetaggap=\skip51
\mathdisplay@stack=\toks22
LaTeX Info: Redefining \[ on input line 2938.
LaTeX Info: Redefining \] on input line 2939.
) (c:/Users/daabv/AppData/Roaming/TinyTeX/texmf-dist/tex/latex/base/ifthen.sty
Package: ifthen 2020/11/24 v1.1c Standard LaTeX ifthen package (DPC)
)
(c:/Users/daabv/AppData/Roaming/TinyTeX/texmf-dist/tex/latex/etoolbox/etoolbox.
sty
Package: etoolbox 2020/10/05 v2.5k e-TeX tools for LaTeX (JAW)
\etb@tempcnta=\count272
)
(c:/Users/daabv/AppData/Roaming/TinyTeX/texmf-dist/tex/latex/oberdiek/centernot
.sty
Package: centernot 2016/05/16 v1.4 Centers the not symbol horizontally (HO)
)
\tx@cntz=\count273

(c:/Users/daabv/AppData/Roaming/TinyTeX/texmf-dist/tex/generic/kastrup/binhex.t
ex)
\tx@Isdigit=\count274
\tx@IsAlNum=\count275
\tx@tA=\toks23
\tx@tB=\toks24
\tx@su=\read2
amsthm NOT loaded
LaTeX Font Info:    Redeclaring symbol font `operators' on input line 376.
LaTeX Font Info:    Overwriting symbol font `operators' in version `normal'
(Font)                  OT1/cmr/m/n --> OT1/LinuxLibertineT-TLF/m/n on input li
ne 376.
LaTeX Font Info:    Overwriting symbol font `operators' in version `bold'
(Font)                  OT1/cmr/bx/n --> OT1/LinuxLibertineT-TLF/m/n on input l
ine 376.
LaTeX Font Info:    Overwriting symbol font `operators' in version `bold'
(Font)                  OT1/LinuxLibertineT-TLF/m/n --> OT1/LinuxLibertineT-TLF
/sb/n on input line 377.
LaTeX Font Info:    Redeclaring math alphabet \mathsf on input line 383.
LaTeX Font Info:    Overwriting math alphabet `\mathsf' in version `normal'
(Font)                  OT1/cmss/m/n --> OT1/LinuxBiolinumT-TLF/m/n on input li
ne 383.
LaTeX Font Info:    Overwriting math alphabet `\mathsf' in version `bold'
(Font)                  OT1/cmss/bx/n --> OT1/LinuxBiolinumT-TLF/m/n on input l
ine 383.
LaTeX Font Info:    Redeclaring math alphabet \mathit on input line 384.
LaTeX Font Info:    Overwriting math alphabet `\mathit' in version `normal'
(Font)                  OT1/cmr/m/it --> OT1/LinuxLibertineT-TLF/m/it on input 
line 384.
LaTeX Font Info:    Overwriting math alphabet `\mathit' in version `bold'
(Font)                  OT1/cmr/bx/it --> OT1/LinuxLibertineT-TLF/m/it on input
 line 384.
LaTeX Font Info:    Redeclaring math alphabet \mathtt on input line 385.
LaTeX Font Info:    Overwriting math alphabet `\mathtt' in version `normal'
(Font)                  OT1/cmtt/m/n --> OT1/LinuxLibertineMonoT-TLF/m/n on inp
ut line 385.
LaTeX Font Info:    Overwriting math alphabet `\mathtt' in version `bold'
(Font)                  OT1/cmtt/m/n --> OT1/LinuxLibertineMonoT-TLF/m/n on inp
ut line 385.
LaTeX Font Info:    Redeclaring math alphabet \mathbf on input line 387.
LaTeX Font Info:    Overwriting math alphabet `\mathbf' in version `normal'
(Font)                  OT1/cmr/bx/n --> OT1/LinuxLibertineT-TLF/sb/n on input 
line 387.
LaTeX Font Info:    Overwriting math alphabet `\mathbf' in version `bold'
(Font)                  OT1/cmr/bx/n --> OT1/LinuxLibertineT-TLF/sb/n on input 
line 387.
LaTeX Font Info:    Overwriting math alphabet `\mathit' in version `bold'
(Font)                  OT1/LinuxLibertineT-TLF/m/it --> OT1/LinuxLibertineT-TL
F/sb/it on input line 388.
LaTeX Font Info:    Overwriting math alphabet `\mathsf' in version `bold'
(Font)                  OT1/LinuxBiolinumT-TLF/m/n --> OT1/LinuxBiolinumT-TLF/b
/n on input line 389.
LaTeX Font Info:    Overwriting math alphabet `\mathtt' in version `bold'
(Font)                  OT1/LinuxLibertineMonoT-TLF/m/n --> OT1/LinuxLibertineM
onoT-TLF/b/n on input line 390.
LaTeX Font Info:    Redeclaring symbol font `letters' on input line 407.
LaTeX Font Info:    Overwriting symbol font `letters' in version `normal'
(Font)                  OML/cmm/m/it --> OML/nxlmi/m/it on input line 407.
LaTeX Font Info:    Overwriting symbol font `letters' in version `bold'
(Font)                  OML/cmm/b/it --> OML/nxlmi/m/it on input line 407.
LaTeX Font Info:    Overwriting symbol font `letters' in version `bold'
(Font)                  OML/nxlmi/m/it --> OML/nxlmi/b/it on input line 408.
\symlettersA=\mathgroup4
LaTeX Font Info:    Overwriting symbol font `lettersA' in version `bold'
(Font)                  U/ntxmia/m/it --> U/ntxmia/b/it on input line 547.
Now handling font encoding LMS ...
... no UTF-8 mapping file for font encoding LMS
LaTeX Font Info:    Redeclaring symbol font `symbols' on input line 568.
LaTeX Font Info:    Encoding `OMS' has changed to `LMS' for symbol font
(Font)              `symbols' in the math version `normal' on input line 568.
LaTeX Font Info:    Overwriting symbol font `symbols' in version `normal'
(Font)                  OMS/cmsy/m/n --> LMS/ntxsy/m/n on input line 568.
LaTeX Font Info:    Encoding `OMS' has changed to `LMS' for symbol font
(Font)              `symbols' in the math version `bold' on input line 568.
LaTeX Font Info:    Overwriting symbol font `symbols' in version `bold'
(Font)                  OMS/cmsy/b/n --> LMS/ntxsy/m/n on input line 568.
LaTeX Font Info:    Overwriting symbol font `symbols' in version `bold'
(Font)                  LMS/ntxsy/m/n --> LMS/ntxsy/b/n on input line 569.
\symAMSm=\mathgroup5
LaTeX Font Info:    Overwriting symbol font `AMSm' in version `bold'
(Font)                  U/ntxsym/m/n --> U/ntxsym/b/n on input line 594.
\symsymbolsC=\mathgroup6
LaTeX Font Info:    Overwriting symbol font `symbolsC' in version `bold'
(Font)                  U/ntxsyc/m/n --> U/ntxsyc/b/n on input line 615.
Now handling font encoding LMX ...
... no UTF-8 mapping file for font encoding LMX
LaTeX Font Info:    Redeclaring symbol font `largesymbols' on input line 628.
LaTeX Font Info:    Encoding `OMX' has changed to `LMX' for symbol font
(Font)              `largesymbols' in the math version `normal' on input line 6
28.
LaTeX Font Info:    Overwriting symbol font `largesymbols' in version `normal'
(Font)                  OMX/cmex/m/n --> LMX/ntxexx/m/n on input line 628.
LaTeX Font Info:    Encoding `OMX' has changed to `LMX' for symbol font
(Font)              `largesymbols' in the math version `bold' on input line 628
.
LaTeX Font Info:    Overwriting symbol font `largesymbols' in version `bold'
(Font)                  OMX/cmex/m/n --> LMX/ntxexx/m/n on input line 628.
LaTeX Font Info:    Overwriting symbol font `largesymbols' in version `bold'
(Font)                  LMX/ntxexx/m/n --> LMX/ntxexx/b/n on input line 629.
\symlargesymbolsTXA=\mathgroup7
LaTeX Font Info:    Overwriting symbol font `largesymbolsTXA' in version `bold'

(Font)                  U/ntxexa/m/n --> U/ntxexa/b/n on input line 643.
\tx@sbptoks=\toks25
LaTeX Font Info:    Redeclaring math delimiter \lfloor on input line 866.
LaTeX Font Info:    Redeclaring math delimiter \rfloor on input line 867.
LaTeX Font Info:    Redeclaring math delimiter \lceil on input line 868.
LaTeX Font Info:    Redeclaring math delimiter \rceil on input line 869.
LaTeX Font Info:    Redeclaring math delimiter \lbrace on input line 870.
LaTeX Font Info:    Redeclaring math delimiter \rbrace on input line 871.
LaTeX Font Info:    Redeclaring math delimiter \langle on input line 872.
LaTeX Font Info:    Redeclaring math delimiter \rangle on input line 874.
LaTeX Font Info:    Redeclaring math delimiter \arrowvert on input line 878.
LaTeX Font Info:    Redeclaring math delimiter \vert on input line 879.
LaTeX Font Info:    Redeclaring math symbol \hbar on input line 925.
LaTeX Font Info:    Redeclaring math accent \dot on input line 950.
LaTeX Font Info:    Redeclaring math accent \ddot on input line 951.
LaTeX Font Info:    Redeclaring math accent \vec on input line 2020.
LaTeX Info: Redefining \Bbbk on input line 2810.
LaTeX Info: Redefining \not on input line 2959.
)
(c:/Users/daabv/AppData/Roaming/TinyTeX/texmf-dist/tex/latex/inconsolata/incons
olata.sty
Package: inconsolata 2019/05/17 v1.12
`inconsolata-zi4' v1.12, 2019/05/17 Text macros for Inconsolata (msharpe)
\zifour@ocount=\count276
)
(c:/Users/daabv/AppData/Roaming/TinyTeX/texmf-dist/tex/latex/booktabs/booktabs.
sty
Package: booktabs 2020/01/12 v1.61803398 Publication quality tables
\heavyrulewidth=\dimen148
\lightrulewidth=\dimen149
\cmidrulewidth=\dimen150
\belowrulesep=\dimen151
\belowbottomsep=\dimen152
\aboverulesep=\dimen153
\abovetopsep=\dimen154
\cmidrulesep=\dimen155
\cmidrulekern=\dimen156
\defaultaddspace=\dimen157
\@cmidla=\count277
\@cmidlb=\count278
\@aboverulesep=\dimen158
\@belowrulesep=\dimen159
\@thisruleclass=\count279
\@lastruleclass=\count280
\@thisrulewidth=\dimen160
)
(c:/Users/daabv/AppData/Roaming/TinyTeX/texmf-dist/tex/latex/tools/longtable.st
y
Package: longtable 2021-09-01 v4.17 Multi-page Table package (DPC)
\LTleft=\skip52
\LTright=\skip53
\LTpre=\skip54
\LTpost=\skip55
\LTchunksize=\count281
\LTcapwidth=\dimen161
\LT@head=\box52
\LT@firsthead=\box53
\LT@foot=\box54
\LT@lastfoot=\box55
\LT@gbox=\box56
\LT@cols=\count282
\LT@rows=\count283
\c@LT@tables=\count284
\c@LT@chunks=\count285
\LT@p@ftn=\toks26
) (c:/Users/daabv/AppData/Roaming/TinyTeX/texmf-dist/tex/latex/tools/array.sty
Package: array 2021/10/04 v2.5f Tabular extension package (FMi)
\col@sep=\dimen162
\ar@mcellbox=\box57
\extrarowheight=\dimen163
\NC@list=\toks27
\extratabsurround=\skip56
\backup@length=\skip57
\ar@cellbox=\box58
)
(c:/Users/daabv/AppData/Roaming/TinyTeX/texmf-dist/tex/latex/multirow/multirow.
sty
Package: multirow 2021/03/15 v2.8 Span multiple rows of a table
\multirow@colwidth=\skip58
\multirow@cntb=\count286
\multirow@dima=\skip59
\bigstrutjot=\dimen164
)
(c:/Users/daabv/AppData/Roaming/TinyTeX/texmf-dist/tex/latex/wrapfig/wrapfig.st
y
\wrapoverhang=\dimen165
\WF@size=\dimen166
\c@WF@wrappedlines=\count287
\WF@box=\box59
\WF@everypar=\toks28
Package: wrapfig 2003/01/31  v 3.6
)
(c:/Users/daabv/AppData/Roaming/TinyTeX/texmf-dist/tex/latex/colortbl/colortbl.
sty
Package: colortbl 2020/01/04 v1.0e Color table columns (DPC)

(c:/Users/daabv/AppData/Roaming/TinyTeX/texmf-dist/tex/latex/graphics/color.sty
Package: color 2021/12/07 v1.3c Standard LaTeX Color (DPC)

(c:/Users/daabv/AppData/Roaming/TinyTeX/texmf-dist/tex/latex/graphics-cfg/color
.cfg
File: color.cfg 2016/01/02 v1.6 sample color configuration
)
Package color Info: Driver file: pdftex.def on input line 149.

(c:/Users/daabv/AppData/Roaming/TinyTeX/texmf-dist/tex/latex/graphics-def/pdfte
x.def
File: pdftex.def 2020/10/05 v1.2a Graphics/color driver for pdftex
))
\everycr=\toks29
\minrowclearance=\skip60
)
(c:/Users/daabv/AppData/Roaming/TinyTeX/texmf-dist/tex/latex/pdflscape/pdflscap
e.sty
Package: pdflscape 2019/12/05 v0.12 Display of landscape pages in PDF (HO)

(c:/Users/daabv/AppData/Roaming/TinyTeX/texmf-dist/tex/latex/graphics/lscape.st
y
Package: lscape 2020/05/28 v3.02 Landscape Pages (DPC)

(c:/Users/daabv/AppData/Roaming/TinyTeX/texmf-dist/tex/latex/graphics/graphics.
sty
Package: graphics 2021/03/04 v1.4d Standard LaTeX Graphics (DPC,SPQR)
(c:/Users/daabv/AppData/Roaming/TinyTeX/texmf-dist/tex/latex/graphics/trig.sty
Package: trig 2021/08/11 v1.11 sin cos tan (DPC)
)
(c:/Users/daabv/AppData/Roaming/TinyTeX/texmf-dist/tex/latex/graphics-cfg/graph
ics.cfg
File: graphics.cfg 2016/06/04 v1.11 sample graphics configuration
)
Package graphics Info: Driver file: pdftex.def on input line 107.
))
Package pdflscape Info: Auto-detected driver: pdftex on input line 81.
) (c:/Users/daabv/AppData/Roaming/TinyTeX/texmf-dist/tex/latex/tabu/tabu.sty
Package: tabu 2019/01/11 v2.9 - flexible LaTeX tabulars (FC+tabu-fixed)

(c:/Users/daabv/AppData/Roaming/TinyTeX/texmf-dist/tex/latex/varwidth/varwidth.
sty
Package: varwidth 2009/03/30 ver 0.92;  Variable-width minipages
\@vwid@box=\box60
\sift@deathcycles=\count288
\@vwid@loff=\dimen167
\@vwid@roff=\dimen168
)
\c@taburow=\count289
\tabu@nbcols=\count290
\tabu@cnt=\count291
\tabu@Xcol=\count292
\tabu@alloc=\count293
\tabu@nested=\count294
\tabu@target=\dimen169
\tabu@spreadtarget=\dimen170
\tabu@naturalX=\dimen171
\tabucolX=\dimen172
\tabu@Xsum=\dimen173
\extrarowdepth=\dimen174
\abovetabulinesep=\dimen175
\belowtabulinesep=\dimen176
\tabustrutrule=\dimen177
\tabu@thebody=\toks30
\tabu@footnotes=\toks31
\tabu@box=\box61
\tabu@arstrutbox=\box62
\tabu@hleads=\box63
\tabu@vleads=\box64
\tabu@cellskip=\skip61
)
(c:/Users/daabv/AppData/Roaming/TinyTeX/texmf-dist/tex/latex/threeparttable/thr
eeparttable.sty
Package: threeparttable 2003/06/13  v 3.0
\@tempboxb=\box65
)
(c:/Users/daabv/AppData/Roaming/TinyTeX/texmf-dist/tex/latex/threeparttablex/th
reeparttablex.sty
Package: threeparttablex 2013/07/23 v0.3 by daleif

(c:/Users/daabv/AppData/Roaming/TinyTeX/texmf-dist/tex/latex/environ/environ.st
y
Package: environ 2014/05/04 v0.3 A new way to define environments

(c:/Users/daabv/AppData/Roaming/TinyTeX/texmf-dist/tex/latex/trimspaces/trimspa
ces.sty
Package: trimspaces 2009/09/17 v1.1 Trim spaces around a token list
))
\TPTL@width=\skip62
) (c:/Users/daabv/AppData/Roaming/TinyTeX/texmf-dist/tex/generic/ulem/ulem.sty
\UL@box=\box66
\UL@hyphenbox=\box67
\UL@skip=\skip63
\UL@hook=\toks32
\UL@height=\dimen178
\UL@pe=\count295
\UL@pixel=\dimen179
\ULC@box=\box68
Package: ulem 2019/11/18
\ULdepth=\dimen180
)
(c:/Users/daabv/AppData/Roaming/TinyTeX/texmf-dist/tex/latex/makecell/makecell.
sty
Package: makecell 2009/08/03 V0.1e Managing of Tab Column Heads and Cells
\rotheadsize=\dimen181
\c@nlinenum=\count296
\TeXr@lab=\toks33
)
(c:/Users/daabv/AppData/Roaming/TinyTeX/texmf-dist/tex/latex/tocloft/tocloft.st
y
Package: tocloft 2017/08/31 v2.3i parameterised ToC, etc., typesetting
Package tocloft Info: The document has section divisions on input line 51.
\cftparskip=\skip64
\cftbeforetoctitleskip=\skip65
\cftaftertoctitleskip=\skip66
\cftbeforepartskip=\skip67
\cftpartnumwidth=\skip68
\cftpartindent=\skip69
\cftbeforesecskip=\skip70
\cftsecindent=\skip71
\cftsecnumwidth=\skip72
\cftbeforesubsecskip=\skip73
\cftsubsecindent=\skip74
\cftsubsecnumwidth=\skip75
\cftbeforesubsubsecskip=\skip76
\cftsubsubsecindent=\skip77
\cftsubsubsecnumwidth=\skip78
\cftbeforeparaskip=\skip79
\cftparaindent=\skip80
\cftparanumwidth=\skip81
\cftbeforesubparaskip=\skip82
\cftsubparaindent=\skip83
\cftsubparanumwidth=\skip84
\cftbeforeloftitleskip=\skip85
\cftafterloftitleskip=\skip86
\cftbeforefigskip=\skip87
\cftfigindent=\skip88
\cftfignumwidth=\skip89
\c@lofdepth=\count297
\c@lotdepth=\count298
\cftbeforelottitleskip=\skip90
\cftafterlottitleskip=\skip91
\cftbeforetabskip=\skip92
\cfttabindent=\skip93
\cfttabnumwidth=\skip94
) (c:/Users/daabv/AppData/Roaming/TinyTeX/texmf-dist/tex/latex/xcolor/xcolor.st
y
Package: xcolor 2021/10/31 v2.13 LaTeX color extensions (UK)

(c:/Users/daabv/AppData/Roaming/TinyTeX/texmf-dist/tex/latex/graphics-cfg/color
.cfg
File: color.cfg 2016/01/02 v1.6 sample color configuration
)
Package xcolor Info: Package option `usenames' ignored on input line 218.
Package xcolor Info: Driver file: pdftex.def on input line 227.
LaTeX Info: Redefining \color on input line 711.
Package xcolor Info: Model `cmy' substituted by `cmy0' on input line 1352.
Package xcolor Info: Model `hsb' substituted by `rgb' on input line 1356.
Package xcolor Info: Model `RGB' extended on input line 1368.
Package xcolor Info: Model `HTML' substituted by `rgb' on input line 1370.
Package xcolor Info: Model `Hsb' substituted by `hsb' on input line 1371.
Package xcolor Info: Model `tHsb' substituted by `hsb' on input line 1372.
Package xcolor Info: Model `HSB' substituted by `hsb' on input line 1373.
Package xcolor Info: Model `Gray' substituted by `gray' on input line 1374.
Package xcolor Info: Model `wave' substituted by `hsb' on input line 1375.

(c:/Users/daabv/AppData/Roaming/TinyTeX/texmf-dist/tex/latex/graphics/dvipsnam.
def
File: dvipsnam.def 2016/06/17 v3.0m Driver-dependent file (DPC,SPQR)
))
(c:/Users/daabv/AppData/Roaming/TinyTeX/texmf-dist/tex/latex/setspace/setspace.
sty
Package: setspace 2011/12/19 v6.7a set line spacing
)
(c:/Users/daabv/AppData/Roaming/TinyTeX/texmf-dist/tex/latex/geometry/geometry.
sty
Package: geometry 2020/01/02 v5.9 Page Geometry

(c:/Users/daabv/AppData/Roaming/TinyTeX/texmf-dist/tex/generic/iftex/ifvtex.sty
Package: ifvtex 2019/10/25 v1.7 ifvtex legacy package. Use iftex instead.
)
\Gm@cnth=\count299
\Gm@cntv=\count300
\c@Gm@tempcnt=\count301
\Gm@bindingoffset=\dimen182
\Gm@wd@mp=\dimen183
\Gm@odd@mp=\dimen184
\Gm@even@mp=\dimen185
\Gm@layoutwidth=\dimen186
\Gm@layoutheight=\dimen187
\Gm@layouthoffset=\dimen188
\Gm@layoutvoffset=\dimen189
\Gm@dimlist=\toks34
)
(c:/Users/daabv/AppData/Roaming/TinyTeX/texmf-dist/tex/latex/hyperref/hyperref.
sty
Package: hyperref 2022-02-21 v7.00n Hypertext links for LaTeX

(c:/Users/daabv/AppData/Roaming/TinyTeX/texmf-dist/tex/generic/ltxcmds/ltxcmds.
sty
Package: ltxcmds 2020-05-10 v1.25 LaTeX kernel commands for general use (HO)
)
(c:/Users/daabv/AppData/Roaming/TinyTeX/texmf-dist/tex/generic/pdftexcmds/pdfte
xcmds.sty
Package: pdftexcmds 2020-06-27 v0.33 Utility functions of pdfTeX for LuaTeX (HO
)

(c:/Users/daabv/AppData/Roaming/TinyTeX/texmf-dist/tex/generic/infwarerr/infwar
err.sty
Package: infwarerr 2019/12/03 v1.5 Providing info/warning/error messages (HO)
)
Package pdftexcmds Info: \pdf@primitive is available.
Package pdftexcmds Info: \pdf@ifprimitive is available.
Package pdftexcmds Info: \pdfdraftmode found.
)
(c:/Users/daabv/AppData/Roaming/TinyTeX/texmf-dist/tex/generic/kvsetkeys/kvsetk
eys.sty
Package: kvsetkeys 2019/12/15 v1.18 Key value parser (HO)
)
(c:/Users/daabv/AppData/Roaming/TinyTeX/texmf-dist/tex/generic/kvdefinekeys/kvd
efinekeys.sty
Package: kvdefinekeys 2019-12-19 v1.6 Define keys (HO)
)
(c:/Users/daabv/AppData/Roaming/TinyTeX/texmf-dist/tex/generic/pdfescape/pdfesc
ape.sty
Package: pdfescape 2019/12/09 v1.15 Implements pdfTeX's escape features (HO)
)
(c:/Users/daabv/AppData/Roaming/TinyTeX/texmf-dist/tex/latex/hycolor/hycolor.st
y
Package: hycolor 2020-01-27 v1.10 Color options for hyperref/bookmark (HO)
)
(c:/Users/daabv/AppData/Roaming/TinyTeX/texmf-dist/tex/latex/letltxmacro/letltx
macro.sty
Package: letltxmacro 2019/12/03 v1.6 Let assignment for LaTeX macros (HO)
)
(c:/Users/daabv/AppData/Roaming/TinyTeX/texmf-dist/tex/latex/auxhook/auxhook.st
y
Package: auxhook 2019-12-17 v1.6 Hooks for auxiliary files (HO)
)
(c:/Users/daabv/AppData/Roaming/TinyTeX/texmf-dist/tex/latex/kvoptions/kvoption
s.sty
Package: kvoptions 2020-10-07 v3.14 Key value format for package options (HO)
)
\@linkdim=\dimen190
\Hy@linkcounter=\count302
\Hy@pagecounter=\count303

(c:/Users/daabv/AppData/Roaming/TinyTeX/texmf-dist/tex/latex/hyperref/pd1enc.de
f
File: pd1enc.def 2022-02-21 v7.00n Hyperref: PDFDocEncoding definition (HO)
Now handling font encoding PD1 ...
... no UTF-8 mapping file for font encoding PD1
)
(c:/Users/daabv/AppData/Roaming/TinyTeX/texmf-dist/tex/generic/intcalc/intcalc.
sty
Package: intcalc 2019/12/15 v1.3 Expandable calculations with integers (HO)
)
(c:/Users/daabv/AppData/Roaming/TinyTeX/texmf-dist/tex/generic/etexcmds/etexcmd
s.sty
Package: etexcmds 2019/12/15 v1.7 Avoid name clashes with e-TeX commands (HO)
)
\Hy@SavedSpaceFactor=\count304

(c:/Users/daabv/AppData/Roaming/TinyTeX/texmf-dist/tex/latex/hyperref/puenc.def
File: puenc.def 2022-02-21 v7.00n Hyperref: PDF Unicode definition (HO)
Now handling font encoding PU ...
... no UTF-8 mapping file for font encoding PU
)
Package hyperref Info: Hyper figures OFF on input line 4137.
Package hyperref Info: Link nesting OFF on input line 4142.
Package hyperref Info: Hyper index ON on input line 4145.
Package hyperref Info: Plain pages OFF on input line 4152.
Package hyperref Info: Backreferencing ON on input line 4155.
Package hyperref Info: Implicit mode ON; LaTeX internals redefined.
Package hyperref Info: Bookmarks ON on input line 4390.

(c:/Users/daabv/AppData/Roaming/TinyTeX/texmf-dist/tex/latex/hyperref/backref.s
ty
Package: backref 2021/02/04 v1.41 Bibliographical back referencing

(c:/Users/daabv/AppData/Roaming/TinyTeX/texmf-dist/tex/latex/rerunfilecheck/rer
unfilecheck.sty
Package: rerunfilecheck 2019/12/05 v1.9 Rerun checks for auxiliary files (HO)

(c:/Users/daabv/AppData/Roaming/TinyTeX/texmf-dist/tex/latex/base/atveryend-ltx
.sty
Package: atveryend-ltx 2020/08/19 v1.0a Emulation of the original atveryend pac
kage
with kernel methods
)
(c:/Users/daabv/AppData/Roaming/TinyTeX/texmf-dist/tex/generic/uniquecounter/un
iquecounter.sty
Package: uniquecounter 2019/12/15 v1.4 Provide unlimited unique counter (HO)

(c:/Users/daabv/AppData/Roaming/TinyTeX/texmf-dist/tex/generic/bigintcalc/bigin
tcalc.sty
Package: bigintcalc 2019/12/15 v1.5 Expandable calculations on big integers (HO
)
))
Package uniquecounter Info: New unique counter `rerunfilecheck' on input line 2
86.
))
\c@Hy@tempcnt=\count305
(c:/Users/daabv/AppData/Roaming/TinyTeX/texmf-dist/tex/latex/url/url.sty
\Urlmuskip=\muskip17
Package: url 2013/09/16  ver 3.4  Verb mode for urls, etc.
)
LaTeX Info: Redefining \url on input line 4749.
\XeTeXLinkMargin=\dimen191

(c:/Users/daabv/AppData/Roaming/TinyTeX/texmf-dist/tex/generic/bitset/bitset.st
y
Package: bitset 2019/12/09 v1.3 Handle bit-vector datatype (HO)
)
\Fld@menulength=\count306
\Field@Width=\dimen192
\Fld@charsize=\dimen193
Package hyperref Info: Hyper figures OFF on input line 6027.
Package hyperref Info: Link nesting OFF on input line 6032.
Package hyperref Info: Hyper index ON on input line 6035.
Package hyperref Info: backreferencing ON on input line 6040.
Package hyperref Info: Link coloring OFF on input line 6047.
Package hyperref Info: Link coloring with OCG OFF on input line 6052.
Package hyperref Info: PDF/A mode OFF on input line 6057.
LaTeX Info: Redefining \ref on input line 6097.
LaTeX Info: Redefining \pageref on input line 6101.

(c:/Users/daabv/AppData/Roaming/TinyTeX/texmf-dist/tex/latex/base/atbegshi-ltx.
sty
Package: atbegshi-ltx 2021/01/10 v1.0c Emulation of the original atbegshi
package with kernel methods
)
\Hy@abspage=\count307
\c@Item=\count308
\c@Hfootnote=\count309
)
Package hyperref Info: Driver (autodetected): hpdftex.

(c:/Users/daabv/AppData/Roaming/TinyTeX/texmf-dist/tex/latex/hyperref/hpdftex.d
ef
File: hpdftex.def 2022-02-21 v7.00n Hyperref driver for pdfTeX
\Fld@listcount=\count310
\c@bookmark@seq@number=\count311
\Hy@SectionHShift=\skip95
) (c:/Users/daabv/AppData/Roaming/TinyTeX/texmf-dist/tex/latex/tools/dcolumn.st
y
Package: dcolumn 2014/10/28 v1.06 decimal alignment package (DPC)
)
(c:/Users/daabv/AppData/Roaming/TinyTeX/texmf-dist/tex/latex/graphics/graphicx.
sty
Package: graphicx 2021/09/16 v1.2d Enhanced LaTeX Graphics (DPC,SPQR)
\Gin@req@height=\dimen194
\Gin@req@width=\dimen195
) (c:/Users/daabv/AppData/Roaming/TinyTeX/texmf-dist/tex/latex/float/float.sty
Package: float 2001/11/08 v1.3d Float enhancements (AL)
\c@float@type=\count312
\float@exts=\toks35
\float@box=\box69
\@float@everytoks=\toks36
\@floatcapt=\box70
)
(c:/Users/daabv/AppData/Roaming/TinyTeX/texmf-dist/tex/latex/pgf/basiclayer/pgf
.sty
(c:/Users/daabv/AppData/Roaming/TinyTeX/texmf-dist/tex/latex/pgf/utilities/pgfr
cs.sty
(c:/Users/daabv/AppData/Roaming/TinyTeX/texmf-dist/tex/generic/pgf/utilities/pg
futil-common.tex
\pgfutil@everybye=\toks37
\pgfutil@tempdima=\dimen196
\pgfutil@tempdimb=\dimen197

(c:/Users/daabv/AppData/Roaming/TinyTeX/texmf-dist/tex/generic/pgf/utilities/pg
futil-common-lists.tex))
(c:/Users/daabv/AppData/Roaming/TinyTeX/texmf-dist/tex/generic/pgf/utilities/pg
futil-latex.def
\pgfutil@abb=\box71
)
(c:/Users/daabv/AppData/Roaming/TinyTeX/texmf-dist/tex/generic/pgf/utilities/pg
frcs.code.tex
(c:/Users/daabv/AppData/Roaming/TinyTeX/texmf-dist/tex/generic/pgf/pgf.revision
.tex)
Package: pgfrcs 2021/05/15 v3.1.9a (3.1.9a)
))
Package: pgf 2021/05/15 v3.1.9a (3.1.9a)

(c:/Users/daabv/AppData/Roaming/TinyTeX/texmf-dist/tex/latex/pgf/basiclayer/pgf
core.sty
(c:/Users/daabv/AppData/Roaming/TinyTeX/texmf-dist/tex/latex/pgf/systemlayer/pg
fsys.sty
(c:/Users/daabv/AppData/Roaming/TinyTeX/texmf-dist/tex/generic/pgf/systemlayer/
pgfsys.code.tex
Package: pgfsys 2021/05/15 v3.1.9a (3.1.9a)

(c:/Users/daabv/AppData/Roaming/TinyTeX/texmf-dist/tex/generic/pgf/utilities/pg
fkeys.code.tex
\pgfkeys@pathtoks=\toks38
\pgfkeys@temptoks=\toks39

(c:/Users/daabv/AppData/Roaming/TinyTeX/texmf-dist/tex/generic/pgf/utilities/pg
fkeysfiltered.code.tex
\pgfkeys@tmptoks=\toks40
))
\pgf@x=\dimen198
\pgf@y=\dimen199
\pgf@xa=\dimen256
\pgf@ya=\dimen257
\pgf@xb=\dimen258
\pgf@yb=\dimen259
\pgf@xc=\dimen260
\pgf@yc=\dimen261
\pgf@xd=\dimen262
\pgf@yd=\dimen263
\w@pgf@writea=\write3
\r@pgf@reada=\read3
\c@pgf@counta=\count313
\c@pgf@countb=\count314
\c@pgf@countc=\count315
\c@pgf@countd=\count316
\t@pgf@toka=\toks41
\t@pgf@tokb=\toks42
\t@pgf@tokc=\toks43
\pgf@sys@id@count=\count317

(c:/Users/daabv/AppData/Roaming/TinyTeX/texmf-dist/tex/generic/pgf/systemlayer/
pgf.cfg
File: pgf.cfg 2021/05/15 v3.1.9a (3.1.9a)
)
Driver file for pgf: pgfsys-pdftex.def

(c:/Users/daabv/AppData/Roaming/TinyTeX/texmf-dist/tex/generic/pgf/systemlayer/
pgfsys-pdftex.def
File: pgfsys-pdftex.def 2021/05/15 v3.1.9a (3.1.9a)

(c:/Users/daabv/AppData/Roaming/TinyTeX/texmf-dist/tex/generic/pgf/systemlayer/
pgfsys-common-pdf.def
File: pgfsys-common-pdf.def 2021/05/15 v3.1.9a (3.1.9a)
)))
(c:/Users/daabv/AppData/Roaming/TinyTeX/texmf-dist/tex/generic/pgf/systemlayer/
pgfsyssoftpath.code.tex
File: pgfsyssoftpath.code.tex 2021/05/15 v3.1.9a (3.1.9a)
\pgfsyssoftpath@smallbuffer@items=\count318
\pgfsyssoftpath@bigbuffer@items=\count319
)
(c:/Users/daabv/AppData/Roaming/TinyTeX/texmf-dist/tex/generic/pgf/systemlayer/
pgfsysprotocol.code.tex
File: pgfsysprotocol.code.tex 2021/05/15 v3.1.9a (3.1.9a)
))
(c:/Users/daabv/AppData/Roaming/TinyTeX/texmf-dist/tex/generic/pgf/basiclayer/p
gfcore.code.tex
Package: pgfcore 2021/05/15 v3.1.9a (3.1.9a)

(c:/Users/daabv/AppData/Roaming/TinyTeX/texmf-dist/tex/generic/pgf/math/pgfmath
.code.tex
(c:/Users/daabv/AppData/Roaming/TinyTeX/texmf-dist/tex/generic/pgf/math/pgfmath
calc.code.tex
(c:/Users/daabv/AppData/Roaming/TinyTeX/texmf-dist/tex/generic/pgf/math/pgfmath
util.code.tex)
(c:/Users/daabv/AppData/Roaming/TinyTeX/texmf-dist/tex/generic/pgf/math/pgfmath
parser.code.tex
\pgfmath@dimen=\dimen264
\pgfmath@count=\count320
\pgfmath@box=\box72
\pgfmath@toks=\toks44
\pgfmath@stack@operand=\toks45
\pgfmath@stack@operation=\toks46
)
(c:/Users/daabv/AppData/Roaming/TinyTeX/texmf-dist/tex/generic/pgf/math/pgfmath
functions.code.tex
(c:/Users/daabv/AppData/Roaming/TinyTeX/texmf-dist/tex/generic/pgf/math/pgfmath
functions.basic.code.tex)
(c:/Users/daabv/AppData/Roaming/TinyTeX/texmf-dist/tex/generic/pgf/math/pgfmath
functions.trigonometric.code.tex)
(c:/Users/daabv/AppData/Roaming/TinyTeX/texmf-dist/tex/generic/pgf/math/pgfmath
functions.random.code.tex)
(c:/Users/daabv/AppData/Roaming/TinyTeX/texmf-dist/tex/generic/pgf/math/pgfmath
functions.comparison.code.tex)
(c:/Users/daabv/AppData/Roaming/TinyTeX/texmf-dist/tex/generic/pgf/math/pgfmath
functions.base.code.tex)
(c:/Users/daabv/AppData/Roaming/TinyTeX/texmf-dist/tex/generic/pgf/math/pgfmath
functions.round.code.tex)
(c:/Users/daabv/AppData/Roaming/TinyTeX/texmf-dist/tex/generic/pgf/math/pgfmath
functions.misc.code.tex)
(c:/Users/daabv/AppData/Roaming/TinyTeX/texmf-dist/tex/generic/pgf/math/pgfmath
functions.integerarithmetics.code.tex)))
(c:/Users/daabv/AppData/Roaming/TinyTeX/texmf-dist/tex/generic/pgf/math/pgfmath
float.code.tex
\c@pgfmathroundto@lastzeros=\count321
))
(c:/Users/daabv/AppData/Roaming/TinyTeX/texmf-dist/tex/generic/pgf/math/pgfint.
code.tex)
(c:/Users/daabv/AppData/Roaming/TinyTeX/texmf-dist/tex/generic/pgf/basiclayer/p
gfcorepoints.code.tex
File: pgfcorepoints.code.tex 2021/05/15 v3.1.9a (3.1.9a)
\pgf@picminx=\dimen265
\pgf@picmaxx=\dimen266
\pgf@picminy=\dimen267
\pgf@picmaxy=\dimen268
\pgf@pathminx=\dimen269
\pgf@pathmaxx=\dimen270
\pgf@pathminy=\dimen271
\pgf@pathmaxy=\dimen272
\pgf@xx=\dimen273
\pgf@xy=\dimen274
\pgf@yx=\dimen275
\pgf@yy=\dimen276
\pgf@zx=\dimen277
\pgf@zy=\dimen278
)
(c:/Users/daabv/AppData/Roaming/TinyTeX/texmf-dist/tex/generic/pgf/basiclayer/p
gfcorepathconstruct.code.tex
File: pgfcorepathconstruct.code.tex 2021/05/15 v3.1.9a (3.1.9a)
\pgf@path@lastx=\dimen279
\pgf@path@lasty=\dimen280
)
(c:/Users/daabv/AppData/Roaming/TinyTeX/texmf-dist/tex/generic/pgf/basiclayer/p
gfcorepathusage.code.tex
File: pgfcorepathusage.code.tex 2021/05/15 v3.1.9a (3.1.9a)
\pgf@shorten@end@additional=\dimen281
\pgf@shorten@start@additional=\dimen282
)
(c:/Users/daabv/AppData/Roaming/TinyTeX/texmf-dist/tex/generic/pgf/basiclayer/p
gfcorescopes.code.tex
File: pgfcorescopes.code.tex 2021/05/15 v3.1.9a (3.1.9a)
\pgfpic=\box73
\pgf@hbox=\box74
\pgf@layerbox@main=\box75
\pgf@picture@serial@count=\count322
)
(c:/Users/daabv/AppData/Roaming/TinyTeX/texmf-dist/tex/generic/pgf/basiclayer/p
gfcoregraphicstate.code.tex
File: pgfcoregraphicstate.code.tex 2021/05/15 v3.1.9a (3.1.9a)
\pgflinewidth=\dimen283
)
(c:/Users/daabv/AppData/Roaming/TinyTeX/texmf-dist/tex/generic/pgf/basiclayer/p
gfcoretransformations.code.tex
File: pgfcoretransformations.code.tex 2021/05/15 v3.1.9a (3.1.9a)
\pgf@pt@x=\dimen284
\pgf@pt@y=\dimen285
\pgf@pt@temp=\dimen286
)
(c:/Users/daabv/AppData/Roaming/TinyTeX/texmf-dist/tex/generic/pgf/basiclayer/p
gfcorequick.code.tex
File: pgfcorequick.code.tex 2021/05/15 v3.1.9a (3.1.9a)
)
(c:/Users/daabv/AppData/Roaming/TinyTeX/texmf-dist/tex/generic/pgf/basiclayer/p
gfcoreobjects.code.tex
File: pgfcoreobjects.code.tex 2021/05/15 v3.1.9a (3.1.9a)
)
(c:/Users/daabv/AppData/Roaming/TinyTeX/texmf-dist/tex/generic/pgf/basiclayer/p
gfcorepathprocessing.code.tex
File: pgfcorepathprocessing.code.tex 2021/05/15 v3.1.9a (3.1.9a)
)
(c:/Users/daabv/AppData/Roaming/TinyTeX/texmf-dist/tex/generic/pgf/basiclayer/p
gfcorearrows.code.tex
File: pgfcorearrows.code.tex 2021/05/15 v3.1.9a (3.1.9a)
\pgfarrowsep=\dimen287
)
(c:/Users/daabv/AppData/Roaming/TinyTeX/texmf-dist/tex/generic/pgf/basiclayer/p
gfcoreshade.code.tex
File: pgfcoreshade.code.tex 2021/05/15 v3.1.9a (3.1.9a)
\pgf@max=\dimen288
\pgf@sys@shading@range@num=\count323
\pgf@shadingcount=\count324
)
(c:/Users/daabv/AppData/Roaming/TinyTeX/texmf-dist/tex/generic/pgf/basiclayer/p
gfcoreimage.code.tex
File: pgfcoreimage.code.tex 2021/05/15 v3.1.9a (3.1.9a)

(c:/Users/daabv/AppData/Roaming/TinyTeX/texmf-dist/tex/generic/pgf/basiclayer/p
gfcoreexternal.code.tex
File: pgfcoreexternal.code.tex 2021/05/15 v3.1.9a (3.1.9a)
\pgfexternal@startupbox=\box76
))
(c:/Users/daabv/AppData/Roaming/TinyTeX/texmf-dist/tex/generic/pgf/basiclayer/p
gfcorelayers.code.tex
File: pgfcorelayers.code.tex 2021/05/15 v3.1.9a (3.1.9a)
)
(c:/Users/daabv/AppData/Roaming/TinyTeX/texmf-dist/tex/generic/pgf/basiclayer/p
gfcoretransparency.code.tex
File: pgfcoretransparency.code.tex 2021/05/15 v3.1.9a (3.1.9a)
)
(c:/Users/daabv/AppData/Roaming/TinyTeX/texmf-dist/tex/generic/pgf/basiclayer/p
gfcorepatterns.code.tex
File: pgfcorepatterns.code.tex 2021/05/15 v3.1.9a (3.1.9a)
)
(c:/Users/daabv/AppData/Roaming/TinyTeX/texmf-dist/tex/generic/pgf/basiclayer/p
gfcorerdf.code.tex
File: pgfcorerdf.code.tex 2021/05/15 v3.1.9a (3.1.9a)
)))
(c:/Users/daabv/AppData/Roaming/TinyTeX/texmf-dist/tex/generic/pgf/modules/pgfm
oduleshapes.code.tex
File: pgfmoduleshapes.code.tex 2021/05/15 v3.1.9a (3.1.9a)
\pgfnodeparttextbox=\box77
)
(c:/Users/daabv/AppData/Roaming/TinyTeX/texmf-dist/tex/generic/pgf/modules/pgfm
oduleplot.code.tex
File: pgfmoduleplot.code.tex 2021/05/15 v3.1.9a (3.1.9a)
)
(c:/Users/daabv/AppData/Roaming/TinyTeX/texmf-dist/tex/latex/pgf/compatibility/
pgfcomp-version-0-65.sty
Package: pgfcomp-version-0-65 2021/05/15 v3.1.9a (3.1.9a)
\pgf@nodesepstart=\dimen289
\pgf@nodesepend=\dimen290
)
(c:/Users/daabv/AppData/Roaming/TinyTeX/texmf-dist/tex/latex/pgf/compatibility/
pgfcomp-version-1-18.sty
Package: pgfcomp-version-1-18 2021/05/15 v3.1.9a (3.1.9a)
))
(c:/Users/daabv/AppData/Roaming/TinyTeX/texmf-dist/tex/latex/pgf/frontendlayer/
tikz.sty
(c:/Users/daabv/AppData/Roaming/TinyTeX/texmf-dist/tex/latex/pgf/utilities/pgff
or.sty
(c:/Users/daabv/AppData/Roaming/TinyTeX/texmf-dist/tex/latex/pgf/utilities/pgfk
eys.sty
(c:/Users/daabv/AppData/Roaming/TinyTeX/texmf-dist/tex/generic/pgf/utilities/pg
fkeys.code.tex))
(c:/Users/daabv/AppData/Roaming/TinyTeX/texmf-dist/tex/latex/pgf/math/pgfmath.s
ty
(c:/Users/daabv/AppData/Roaming/TinyTeX/texmf-dist/tex/generic/pgf/math/pgfmath
.code.tex))
(c:/Users/daabv/AppData/Roaming/TinyTeX/texmf-dist/tex/generic/pgf/utilities/pg
ffor.code.tex
Package: pgffor 2021/05/15 v3.1.9a (3.1.9a)

(c:/Users/daabv/AppData/Roaming/TinyTeX/texmf-dist/tex/generic/pgf/math/pgfmath
.code.tex)
\pgffor@iter=\dimen291
\pgffor@skip=\dimen292
\pgffor@stack=\toks47
\pgffor@toks=\toks48
))
(c:/Users/daabv/AppData/Roaming/TinyTeX/texmf-dist/tex/generic/pgf/frontendlaye
r/tikz/tikz.code.tex
Package: tikz 2021/05/15 v3.1.9a (3.1.9a)

(c:/Users/daabv/AppData/Roaming/TinyTeX/texmf-dist/tex/generic/pgf/libraries/pg
flibraryplothandlers.code.tex
File: pgflibraryplothandlers.code.tex 2021/05/15 v3.1.9a (3.1.9a)
\pgf@plot@mark@count=\count325
\pgfplotmarksize=\dimen293
)
\tikz@lastx=\dimen294
\tikz@lasty=\dimen295
\tikz@lastxsaved=\dimen296
\tikz@lastysaved=\dimen297
\tikz@lastmovetox=\dimen298
\tikz@lastmovetoy=\dimen299
\tikzleveldistance=\dimen300
\tikzsiblingdistance=\dimen301
\tikz@figbox=\box78
\tikz@figbox@bg=\box79
\tikz@tempbox=\box80
\tikz@tempbox@bg=\box81
\tikztreelevel=\count326
\tikznumberofchildren=\count327
\tikznumberofcurrentchild=\count328
\tikz@fig@count=\count329

(c:/Users/daabv/AppData/Roaming/TinyTeX/texmf-dist/tex/generic/pgf/modules/pgfm
odulematrix.code.tex
File: pgfmodulematrix.code.tex 2021/05/15 v3.1.9a (3.1.9a)
\pgfmatrixcurrentrow=\count330
\pgfmatrixcurrentcolumn=\count331
\pgf@matrix@numberofcolumns=\count332
)
\tikz@expandcount=\count333

(c:/Users/daabv/AppData/Roaming/TinyTeX/texmf-dist/tex/generic/pgf/frontendlaye
r/tikz/libraries/tikzlibrarytopaths.code.tex
File: tikzlibrarytopaths.code.tex 2021/05/15 v3.1.9a (3.1.9a)
)))
(c:/Users/daabv/AppData/Roaming/TinyTeX/texmf-dist/tex/generic/pgf/frontendlaye
r/tikz/libraries/tikzlibraryarrows.code.tex
File: tikzlibraryarrows.code.tex 2021/05/15 v3.1.9a (3.1.9a)

(c:/Users/daabv/AppData/Roaming/TinyTeX/texmf-dist/tex/generic/pgf/libraries/pg
flibraryarrows.code.tex
File: pgflibraryarrows.code.tex 2021/05/15 v3.1.9a (3.1.9a)
\arrowsize=\dimen302
))
(c:/Users/daabv/AppData/Roaming/TinyTeX/texmf-dist/tex/generic/pgf/frontendlaye
r/tikz/libraries/tikzlibrarypositioning.code.tex
File: tikzlibrarypositioning.code.tex 2021/05/15 v3.1.9a (3.1.9a)
)
(c:/Users/daabv/AppData/Roaming/TinyTeX/texmf-dist/tex/latex/mathtools/mathtool
s.sty
Package: mathtools 2022/02/07 v1.28a mathematical typesetting tools
(c:/Users/daabv/AppData/Roaming/TinyTeX/texmf-dist/tex/latex/tools/calc.sty
Package: calc 2017/05/25 v4.3 Infix arithmetic (KKT,FJ)
\calc@Acount=\count334
\calc@Bcount=\count335
\calc@Adimen=\dimen303
\calc@Bdimen=\dimen304
\calc@Askip=\skip96
\calc@Bskip=\skip97
LaTeX Info: Redefining \setlength on input line 80.
LaTeX Info: Redefining \addtolength on input line 81.
\calc@Ccount=\count336
\calc@Cskip=\skip98
)
(c:/Users/daabv/AppData/Roaming/TinyTeX/texmf-dist/tex/latex/mathtools/mhsetup.
sty
Package: mhsetup 2021/03/18 v1.4 programming setup (MH)
)
\g_MT_multlinerow_int=\count337
\l_MT_multwidth_dim=\dimen305
\origjot=\skip99
\l_MT_shortvdotswithinadjustabove_dim=\dimen306
\l_MT_shortvdotswithinadjustbelow_dim=\dimen307
\l_MT_above_intertext_sep=\dimen308
\l_MT_below_intertext_sep=\dimen309
\l_MT_above_shortintertext_sep=\dimen310
\l_MT_below_shortintertext_sep=\dimen311
\xmathstrut@box=\box82
\xmathstrut@dim=\dimen312
)
(c:/Users/daabv/AppData/Roaming/TinyTeX/texmf-dist/tex/latex/caption/caption.st
y
Package: caption 2022/02/28 v3.6a Customizing captions (AR)

(c:/Users/daabv/AppData/Roaming/TinyTeX/texmf-dist/tex/latex/caption/caption3.s
ty
Package: caption3 2022/02/28 v2.3a caption3 kernel (AR)
\caption@tempdima=\dimen313
\captionmargin=\dimen314
\caption@leftmargin=\dimen315
\caption@rightmargin=\dimen316
\caption@width=\dimen317
\caption@indent=\dimen318
\caption@parindent=\dimen319
\caption@hangindent=\dimen320
Package caption Info: Standard document class detected.
)
\c@caption@flags=\count338
\c@continuedfloat=\count339
Package caption Info: float package is loaded.
Package caption Info: hyperref package is loaded.
Package caption Info: longtable package is loaded.

(c:/Users/daabv/AppData/Roaming/TinyTeX/texmf-dist/tex/latex/caption/ltcaption.
sty
Package: ltcaption 2021/01/08 v1.4c longtable captions (AR)
)
Package caption Info: threeparttable package is loaded.
Package caption Info: wrapfig package is loaded.
) (c:/Users/daabv/AppData/Roaming/TinyTeX/texmf-dist/tex/generic/babel/babel.st
y
Package: babel 2022/02/26 3.73 The Babel package
\babel@savecnt=\count340
\U@D=\dimen321
\l@unhyphenated=\language3

(c:/Users/daabv/AppData/Roaming/TinyTeX/texmf-dist/tex/generic/babel/txtbabel.d
ef)
\bbl@readstream=\read4
\bbl@dirlevel=\count341

(c:/Users/daabv/AppData/Roaming/TinyTeX/texmf-dist/tex/generic/babel-english/UK
english.ldf
Language: UKenglish 2017/06/06 v3.3r English support from the babel system

(c:/Users/daabv/AppData/Roaming/TinyTeX/texmf-dist/tex/generic/babel-english/en
glish.ldf
Language: english 2017/06/06 v3.3r English support from the babel system
Package babel Info: Hyphen rules for 'british' set to \l@english
(babel)             (\language0). Reported on input line 82.
Package babel Info: Hyphen rules for 'UKenglish' set to \l@english
(babel)             (\language0). Reported on input line 83.
Package babel Info: Hyphen rules for 'canadian' set to \l@english
(babel)             (\language0). Reported on input line 102.
Package babel Info: Hyphen rules for 'australian' set to \l@english
(babel)             (\language0). Reported on input line 105.
Package babel Info: Hyphen rules for 'newzealand' set to \l@english
(babel)             (\language0). Reported on input line 108.
)))
(c:/Users/daabv/AppData/Roaming/TinyTeX/texmf-dist/tex/latex/isodate/isodate.st
y
Package: isodate 2010/01/03 v2.30 Print dates with different formats (HH)
(c:/Users/daabv/AppData/Roaming/TinyTeX/texmf-dist/tex/latex/substr/substr.sty
Package: substr 2009/10/20 v1.2 Handle substrings
\c@su@anzahl=\count342
)
(c:/Users/daabv/AppData/Roaming/TinyTeX/texmf-dist/tex/latex/isodate/english.id
f
File: english.idf 2010/01/03 v2.30 Language definitions for isodate package (HH
)
Define commands for English date format
)
\c@iso@tmpmonth=\count343
\c@iso@yeartwo=\count344
\c@iso@slash=\count345
\c@iso@minus=\count346
\c@iso@dot=\count347
\c@iso@@slash=\count348
\c@iso@@minus=\count349
\c@iso@@dot=\count350
)
Package hyperref Info: Option `breaklinks' set `true' on input line 85.
Package hyperref Info: Option `colorlinks' set `true' on input line 85.
(c:/Users/daabv/AppData/Roaming/TinyTeX/texmf-dist/tex/latex/base/fixltx2e.sty
Package: fixltx2e 2016/12/29 v2.1a fixes to LaTeX (obsolete)
Applying: [2015/01/01] Old fixltx2e package on input line 46.

Package fixltx2e Warning: fixltx2e is not required with releases after 2015
(fixltx2e)                All fixes are now in the LaTeX kernel.
(fixltx2e)                See the latexrelease package for details.

Already applied: [0000/00/00] Old fixltx2e package on input line 53.
) (c:/Users/daabv/AppData/Roaming/TinyTeX/texmf-dist/tex/latex/base/fontenc.sty
Package: fontenc 2021/04/29 v2.0v Standard LaTeX package
LaTeX Font Info:    Trying to load font information for T1+LinuxLibertineT-TLF 
on input line 112.

(c:/Users/daabv/AppData/Roaming/TinyTeX/texmf-dist/tex/latex/libertine/T1LinuxL
ibertineT-TLF.fd
File: T1LinuxLibertineT-TLF.fd 2017/03/20 (autoinst) Font definitions for T1/Li
nuxLibertineT-TLF.
)
LaTeX Font Info:    Font shape `T1/LinuxLibertineT-TLF/m/n' will be
(Font)              scaled to size 12.0pt on input line 112.
) (c:/Users/daabv/AppData/Roaming/TinyTeX/texmf-dist/tex/latex/base/inputenc.st
y
Package: inputenc 2021/02/14 v1.3d Input encoding file
\inpenc@prehook=\toks49
\inpenc@posthook=\toks50
)
(c:/Users/daabv/AppData/Roaming/TinyTeX/texmf-dist/tex/latex/upquote/upquote.st
y
Package: upquote 2012/04/19 v1.3 upright-quote and grave-accent glyphs in verba
tim
) (c:/Users/daabv/AppData/Roaming/TinyTeX/texmf-dist/tex/latex/natbib/natbib.st
y
Package: natbib 2010/09/13 8.31b (PWD, AO)
\bibhang=\skip100
\bibsep=\skip101
LaTeX Info: Redefining \cite on input line 694.
\c@NAT@ctr=\count351
)
Package hyperref Info: Option `colorlinks' set `true' on input line 180.

(c:/Users/daabv/AppData/Roaming/TinyTeX/texmf-dist/tex/latex/l3backend/l3backen
d-pdftex.def
File: l3backend-pdftex.def 2022-02-07 L3 backend support: PDF output (pdfTeX)
\l__color_backend_stack_int=\count352
\l__pdf_internal_box=\box83
) (./Dossier.aux

LaTeX Warning: Label `Tab.3' multiply defined.

)
\openout1 = `Dossier.aux'.

LaTeX Font Info:    Checking defaults for OML/nxlmi/m/it on input line 197.
LaTeX Font Info:    Trying to load font information for OML+nxlmi on input line
 197.
(c:/Users/daabv/AppData/Roaming/TinyTeX/texmf-dist/tex/latex/newtx/omlnxlmi.fd
File: omlnxlmi.fd 2013/11/19 Fontinst v1.933 font definitions for OML/nxlmi.
)
LaTeX Font Info:    ... okay on input line 197.
LaTeX Font Info:    Checking defaults for OMS/cmsy/m/n on input line 197.
LaTeX Font Info:    ... okay on input line 197.
LaTeX Font Info:    Checking defaults for OT1/cmr/m/n on input line 197.
LaTeX Font Info:    ... okay on input line 197.
LaTeX Font Info:    Checking defaults for T1/cmr/m/n on input line 197.
LaTeX Font Info:    ... okay on input line 197.
LaTeX Font Info:    Checking defaults for TS1/cmr/m/n on input line 197.
LaTeX Font Info:    ... okay on input line 197.
LaTeX Font Info:    Checking defaults for OMX/cmex/m/n on input line 197.
LaTeX Font Info:    ... okay on input line 197.
LaTeX Font Info:    Checking defaults for U/ntxexa/m/n on input line 197.
LaTeX Font Info:    Trying to load font information for U+ntxexa on input line 
197.
(c:/Users/daabv/AppData/Roaming/TinyTeX/texmf-dist/tex/latex/newtx/untxexa.fd
File: untxexa.fd 2012/04/16 Fontinst v1.933 font definitions for U/ntxexa.
)
LaTeX Font Info:    ... okay on input line 197.
LaTeX Font Info:    Checking defaults for LMS/ntxsy/m/n on input line 197.
LaTeX Font Info:    Trying to load font information for LMS+ntxsy on input line
 197.
(c:/Users/daabv/AppData/Roaming/TinyTeX/texmf-dist/tex/latex/newtx/lmsntxsy.fd
File: lmsntxsy.fd 2016/07/02 Fontinst v1.933 font definitions for LMS/ntxsy.
)
LaTeX Font Info:    ... okay on input line 197.
LaTeX Font Info:    Checking defaults for LMX/ntxexx/m/n on input line 197.
LaTeX Font Info:    Trying to load font information for LMX+ntxexx on input lin
e 197.

(c:/Users/daabv/AppData/Roaming/TinyTeX/texmf-dist/tex/latex/newtx/lmxntxexx.fd
File: lmxntxexx.fd 2016/07/03 Fontinst v1.933 font definitions for LMX/ntxexx.
)
LaTeX Font Info:    ... okay on input line 197.
LaTeX Font Info:    Checking defaults for PD1/pdf/m/n on input line 197.
LaTeX Font Info:    ... okay on input line 197.
LaTeX Font Info:    Checking defaults for PU/pdf/m/n on input line 197.
LaTeX Font Info:    ... okay on input line 197.
\c@mv@tabular=\count353
\c@mv@boldtabular=\count354

(c:/Users/daabv/AppData/Roaming/TinyTeX/texmf-dist/tex/latex/epstopdf-pkg/epsto
pdf-base.sty
Package: epstopdf-base 2020-01-24 v2.11 Base part for package epstopdf
Package epstopdf-base Info: Redefining graphics rule for `.eps' on input line 4
85.

(c:/Users/daabv/AppData/Roaming/TinyTeX/texmf-dist/tex/latex/latexconfig/epstop
df-sys.cfg
File: epstopdf-sys.cfg 2010/07/13 v1.3 Configuration of (r)epstopdf for TeX Liv
e
))
*geometry* driver: auto-detecting
*geometry* detected driver: pdftex
*geometry* verbose mode - [ preamble ] result:
* driver: pdftex
* paper: a4paper
* layout: <same size as paper>
* layoutoffset:(h,v)=(0.0pt,0.0pt)
* modes: 
* h-part:(L,W,R)=(56.9055pt, 483.69687pt, 56.9055pt)
* v-part:(T,H,B)=(56.9055pt, 731.23584pt, 56.9055pt)
* \paperwidth=597.50787pt
* \paperheight=845.04684pt
* \textwidth=483.69687pt
* \textheight=731.23584pt
* \oddsidemargin=-15.36449pt
* \evensidemargin=-15.36449pt
* \topmargin=-52.36449pt
* \headheight=12.0pt
* \headsep=25.0pt
* \topskip=12.0pt
* \footskip=30.0pt
* \marginparwidth=35.0pt
* \marginparsep=10.0pt
* \columnsep=10.0pt
* \skip\footins=10.8pt plus 4.0pt minus 2.0pt
* \hoffset=0.0pt
* \voffset=0.0pt
* \mag=1000
* \@twocolumnfalse
* \@twosidefalse
* \@mparswitchfalse
* \@reversemarginfalse
* (1in=72.27pt=25.4mm, 1cm=28.453pt)

Package backref Info: ** backref set up for natbib ** on input line 197.
Package hyperref Info: Link coloring ON on input line 197.

(c:/Users/daabv/AppData/Roaming/TinyTeX/texmf-dist/tex/latex/hyperref/nameref.s
ty
Package: nameref 2021-04-02 v2.47 Cross-referencing by name of section

(c:/Users/daabv/AppData/Roaming/TinyTeX/texmf-dist/tex/latex/refcount/refcount.
sty
Package: refcount 2019/12/15 v3.6 Data extraction from label references (HO)
)
(c:/Users/daabv/AppData/Roaming/TinyTeX/texmf-dist/tex/generic/gettitlestring/g
ettitlestring.sty
Package: gettitlestring 2019/12/15 v1.6 Cleanup title references (HO)
)
\c@section@level=\count355
)
LaTeX Info: Redefining \ref on input line 197.
LaTeX Info: Redefining \pageref on input line 197.
LaTeX Info: Redefining \nameref on input line 197.
(./Dossier.out) (./Dossier.out)
\@outlinefile=\write4
\openout4 = `Dossier.out'.

Package caption Info: Begin \AtBeginDocument code.
Package caption Info: End \AtBeginDocument code.
isodate: babel.sty has been loaded
<logo2.png, id=75, 3029.3175pt x 291.0875pt>
File: logo2.png Graphic file (type png)
<use logo2.png>
Package pdftex.def Info: logo2.png  used on input line 206.
(pdftex.def)             Requested size: 483.69684pt x 46.47723pt.
LaTeX Font Info:    Font shape `T1/LinuxLibertineT-TLF/m/n' will be
(Font)              scaled to size 17.28pt on input line 210.
LaTeX Font Info:    Font shape `T1/LinuxLibertineT-TLF/b/n' will be
(Font)              scaled to size 17.28pt on input line 210.
[1

{c:/Users/daabv/AppData/Roaming/TinyTeX/texmf-var/fonts/map/pdftex/updmap/pdfte
x.map} <./logo2.png>]
LaTeX Font Info:    Trying to load font information for TS1+LinuxLibertineT-TLF
 on input line 242.

(c:/Users/daabv/AppData/Roaming/TinyTeX/texmf-dist/tex/latex/libertine/TS1Linux
LibertineT-TLF.fd
File: TS1LinuxLibertineT-TLF.fd 2017/03/20 (autoinst) Font definitions for TS1/
LinuxLibertineT-TLF.
)
LaTeX Font Info:    Font shape `TS1/LinuxLibertineT-TLF/m/n' will be
(Font)              scaled to size 12.0pt on input line 242.
LaTeX Font Info:    Trying to load font information for OT1+LinuxLibertineT-TLF
 on input line 276.

(c:/Users/daabv/AppData/Roaming/TinyTeX/texmf-dist/tex/latex/libertine/OT1Linux
LibertineT-TLF.fd
File: OT1LinuxLibertineT-TLF.fd 2017/03/20 (autoinst) Font definitions for OT1/
LinuxLibertineT-TLF.
)
LaTeX Font Info:    Font shape `OT1/LinuxLibertineT-TLF/m/n' will be
(Font)              scaled to size 12.0pt on input line 276.
LaTeX Font Info:    Font shape `OT1/LinuxLibertineT-TLF/m/n' will be
(Font)              scaled to size 8.8pt on input line 276.
LaTeX Font Info:    Font shape `OT1/LinuxLibertineT-TLF/m/n' will be
(Font)              scaled to size 6.6pt on input line 276.
LaTeX Font Info:    Trying to load font information for U+ntxmia on input line 
276.
(c:/Users/daabv/AppData/Roaming/TinyTeX/texmf-dist/tex/latex/newtx/untxmia.fd
File: untxmia.fd 2018/04/14 Fontinst v1.933 font definitions for U/ntxmia.
)
LaTeX Font Info:    Trying to load font information for U+ntxsym on input line 
276.
(c:/Users/daabv/AppData/Roaming/TinyTeX/texmf-dist/tex/latex/newtx/untxsym.fd
File: untxsym.fd 2015/03/20 Fontinst v1.933 font definitions for U/ntxsym.
)
LaTeX Font Info:    Trying to load font information for U+ntxsyc on input line 
276.
(c:/Users/daabv/AppData/Roaming/TinyTeX/texmf-dist/tex/latex/newtx/untxsyc.fd
File: untxsyc.fd 2012/04/12 Fontinst v1.933 font definitions for U/ntxsyc.
)
Underfull \hbox (badness 10000) in paragraph at lines 282--286

 []

pdfTeX warning (ext4): destination with the same identifier (name{page.1}) has 
been already used, duplicate ignored
<to be read again> 
                   \relax 
l.293 \newpage
               [1]
LaTeX Font Info:    Font shape `T1/LinuxLibertineT-TLF/m/n' will be
(Font)              scaled to size 14.4pt on input line 299.
LaTeX Font Info:    Font shape `T1/LinuxLibertineT-TLF/b/n' will be
(Font)              scaled to size 14.4pt on input line 299.
[2]
LaTeX Font Info:    Font shape `T1/LinuxLibertineT-TLF/m/it' will be
(Font)              scaled to size 12.0pt on input line 386.
LaTeX Font Info:    Font shape `T1/LinuxLibertineT-TLF/b/n' will be
(Font)              scaled to size 12.0pt on input line 425.
[3]
Underfull \hbox (badness 10000) in paragraph at lines 513--521

 []

[4] [5]
LaTeX Font Info:    Trying to load font information for T1+zi4 on input line 61
2.

(c:/Users/daabv/AppData/Roaming/TinyTeX/texmf-dist/tex/latex/inconsolata/t1zi4.
fd
File: t1zi4.fd 2018/01/14 T1/zi4 (Inconsolata)
)
LaTeX Font Info:    Font shape `T1/zi4/m/n' will be
(Font)              scaled to size 11.39996pt on input line 612.

Overfull \hbox (4.36784pt too wide) in alignment at lines 610--626
 [] [] [] [] [] 
 []


Overfull \hbox (4.36784pt too wide) in alignment at lines 626--640
 [] [] [] [] [] 
 []


Overfull \hbox (4.36784pt too wide) in alignment at lines 640--643
 [] [] [] [] [] 
 []


Overfull \hbox (4.36784pt too wide) in alignment at lines 650--666
 [] [] [] [] [] 
 []


Overfull \hbox (4.36784pt too wide) in alignment at lines 666--680
 [] [] [] [] [] 
 []


Overfull \hbox (4.36784pt too wide) in alignment at lines 680--683
 [] [] [] [] [] 
 []

[6] [7]
<C:/Users/daabv/Desktop/GitHub1/M1S2-PDER/figs/income_density_curve.pdf, id=170
, 433.62pt x 289.08pt>
File: C:/Users/daabv/Desktop/GitHub1/M1S2-PDER/figs/income_density_curve.pdf Gr
aphic file (type pdf)
<use C:/Users/daabv/Desktop/GitHub1/M1S2-PDER/figs/income_density_curve.pdf>
Package pdftex.def Info: C:/Users/daabv/Desktop/GitHub1/M1S2-PDER/figs/income_d
ensity_curve.pdf  used on input line 880.
(pdftex.def)             Requested size: 241.84843pt x 161.23528pt.
<C:/Users/daabv/Desktop/GitHub1/M1S2-PDER/figs/intrate_trend.pdf, id=171, 433.6
2pt x 289.08pt>
File: C:/Users/daabv/Desktop/GitHub1/M1S2-PDER/figs/intrate_trend.pdf Graphic f
ile (type pdf)
<use C:/Users/daabv/Desktop/GitHub1/M1S2-PDER/figs/intrate_trend.pdf>
Package pdftex.def Info: C:/Users/daabv/Desktop/GitHub1/M1S2-PDER/figs/intrate_
trend.pdf  used on input line 889.
(pdftex.def)             Requested size: 241.84843pt x 161.23528pt.
<C:/Users/daabv/Desktop/GitHub1/M1S2-PDER/figs/corr_plot.pdf, id=172, 289.08pt 
x 289.08pt>
File: C:/Users/daabv/Desktop/GitHub1/M1S2-PDER/figs/corr_plot.pdf Graphic file 
(type pdf)
<use C:/Users/daabv/Desktop/GitHub1/M1S2-PDER/figs/corr_plot.pdf>
Package pdftex.def Info: C:/Users/daabv/Desktop/GitHub1/M1S2-PDER/figs/corr_plo
t.pdf  used on input line 898.
(pdftex.def)             Requested size: 169.29684pt x 169.29416pt.
<C:/Users/daabv/Desktop/GitHub1/M1S2-PDER/figs/price_trend.pdf, id=173, 433.62p
t x 289.08pt>
File: C:/Users/daabv/Desktop/GitHub1/M1S2-PDER/figs/price_trend.pdf Graphic fil
e (type pdf)
<use C:/Users/daabv/Desktop/GitHub1/M1S2-PDER/figs/price_trend.pdf>
Package pdftex.def Info: C:/Users/daabv/Desktop/GitHub1/M1S2-PDER/figs/price_tr
end.pdf  used on input line 907.
(pdftex.def)             Requested size: 241.84843pt x 161.23528pt.
[8 <c:/Users/daabv/Desktop/GitHub1/M1S2-PDER/figs/income_density_curve.pdf> <c:
/Users/daabv/Desktop/GitHub1/M1S2-PDER/figs/intrate_trend.pdf> <c:/Users/daabv/
Desktop/GitHub1/M1S2-PDER/figs/corr_plot.pdf>]
<C:/Users/daabv/Desktop/GitHub1/M1S2-PDER/figs/pop_trend.pdf, id=197, 433.62pt 
x 289.08pt>
File: C:/Users/daabv/Desktop/GitHub1/M1S2-PDER/figs/pop_trend.pdf Graphic file 
(type pdf)
<use C:/Users/daabv/Desktop/GitHub1/M1S2-PDER/figs/pop_trend.pdf>
Package pdftex.def Info: C:/Users/daabv/Desktop/GitHub1/M1S2-PDER/figs/pop_tren
d.pdf  used on input line 916.
(pdftex.def)             Requested size: 241.84843pt x 161.23528pt.
[9 <c:/Users/daabv/Desktop/GitHub1/M1S2-PDER/figs/price_trend.pdf> <c:/Users/da
abv/Desktop/GitHub1/M1S2-PDER/figs/pop_trend.pdf>] (./Dossier.bbl (./Dossier.br
f)
\tf@brf=\write5
\openout5 = `Dossier.brf'.

) [10] (./Dossier.aux)

LaTeX Warning: There were multiply-defined labels.

Package rerunfilecheck Info: File `Dossier.out' has not changed.
(rerunfilecheck)             Checksum: FB40485FD6F4535DE7B3DE4E1DCB0CB7;2359.
Package rerunfilecheck Info: File `Dossier.brf' has not changed.
(rerunfilecheck)             Checksum: 07A459501583108C60AC3FCE259F24D1;50.
 ) 
Here is how much of TeX's memory you used:
 30349 strings out of 480236
 562143 string characters out of 5894214
 809785 words of memory out of 5000000
 47640 multiletter control sequences out of 15000+600000
 525067 words of font info for 84 fonts, out of 8000000 for 9000
 14 hyphenation exceptions out of 8191
 87i,11n,117p,2571b,529s stack positions out of 5000i,500n,10000p,200000b,80000s
{c:/Users/daabv/AppData/Roaming/TinyTeX/texmf-dist/fonts/enc/dvips/inconsolat
a/i4-t1-0.enc}{c:/Users/daabv/AppData/Roaming/TinyTeX/texmf-dist/fonts/enc/dvip
s/libertine/lbtn_7grukw.enc}{c:/Users/daabv/AppData/Roaming/TinyTeX/texmf-dist/
fonts/enc/dvips/libertine/lbtn_oexx6f.enc}{c:/Users/daabv/AppData/Roaming/TinyT
eX/texmf-dist/fonts/enc/dvips/libertine/lbtn_naooyc.enc}{c:/Users/daabv/AppData
/Roaming/TinyTeX/texmf-dist/fonts/enc/dvips/libertine/lbtn_76gpa5.enc}{c:/Users
/daabv/AppData/Roaming/TinyTeX/texmf-dist/fonts/enc/dvips/libertine/lbtn_nh77jq
.enc}<c:/Users/daabv/AppData/Roaming/TinyTeX/texmf-dist/fonts/type1/public/inco
nsolata/Inconsolata-zi4r.pfb><c:/Users/daabv/AppData/Roaming/TinyTeX/texmf-dist
/fonts/type1/public/newtx/LibertineMathMI.pfb><c:/Users/daabv/AppData/Roaming/T
inyTeX/texmf-dist/fonts/type1/public/libertine/LinLibertineT.pfb><c:/Users/daab
v/AppData/Roaming/TinyTeX/texmf-dist/fonts/type1/public/libertine/LinLibertineT
B.pfb><c:/Users/daabv/AppData/Roaming/TinyTeX/texmf-dist/fonts/type1/public/lib
ertine/LinLibertineTI.pfb><c:/Users/daabv/AppData/Roaming/TinyTeX/texmf-dist/fo
nts/type1/public/newtx/NewTXMI.pfb><c:/Users/daabv/AppData/Roaming/TinyTeX/texm
f-dist/fonts/type1/public/newtx/txmiaX.pfb><c:/Users/daabv/AppData/Roaming/Tiny
TeX/texmf-dist/fonts/type1/public/newtx/txsys.pfb>
Output written on Dossier.pdf (11 pages, 389435 bytes).
PDF statistics:
 283 PDF objects out of 1000 (max. 8388607)
 237 compressed objects within 3 object streams
 69 named destinations out of 1000 (max. 500000)
 179 words of extra memory for PDF output out of 10000 (max. 10000000)

